2021-07-31 20:34:05.733452 starting: opening PstFrom.log for logging
2021-07-31 20:34:05.733452 starting PstFrom process
2021-07-31 20:34:05.733452 starting: setting up dirs
2021-07-31 20:34:05.734447 starting: removing existing new_d 'calib\pestpp_template'
2021-07-31 20:34:05.742432 finished: removing existing new_d 'calib\pestpp_template' took: 0:00:00.007985
2021-07-31 20:34:05.742432 starting: copying original_d 'calib\model' to new_d 'calib\pestpp_template'
2021-07-31 20:34:05.753396 finished: copying original_d 'calib\model' to new_d 'calib\pestpp_template' took: 0:00:00.010964
2021-07-31 20:34:05.754393 finished: setting up dirs took: 0:00:00.020941
2021-07-31 20:34:05.766361 starting: adding grid type direct style parameters for file(s) ['flows_frac.csv']
2021-07-31 20:34:05.767359 starting: loading list calib\pestpp_template\flows_frac.csv
2021-07-31 20:34:05.767359 starting: reading list calib\pestpp_template\flows_frac.csv
2021-07-31 20:34:05.769354 finished: reading list calib\pestpp_template\flows_frac.csv took: 0:00:00.001995
2021-07-31 20:34:05.769354 loaded list 'calib\pestpp_template\flows_frac.csv' of shape (264, 5)
2021-07-31 20:34:05.772345 finished: loading list calib\pestpp_template\flows_frac.csv took: 0:00:00.004986
2021-07-31 20:34:05.772345 starting: writing list-based template file 'calib\pestpp_template\flows_frac.csv.tpl'
2021-07-31 20:34:05.795285 finished: writing list-based template file 'calib\pestpp_template\flows_frac.csv.tpl' took: 0:00:00.022940
2021-07-31 20:34:05.801268 finished: adding grid type direct style parameters for file(s) ['flows_frac.csv'] took: 0:00:00.034907
2021-07-31 20:34:05.801268 starting: adding constant type direct style parameters for file(s) ['total_flow.csv']
2021-07-31 20:34:05.801268 starting: loading list calib\pestpp_template\total_flow.csv
2021-07-31 20:34:05.802266 starting: reading list calib\pestpp_template\total_flow.csv
2021-07-31 20:34:05.803263 finished: reading list calib\pestpp_template\total_flow.csv took: 0:00:00.000997
2021-07-31 20:34:05.803263 loaded list 'calib\pestpp_template\total_flow.csv' of shape (1, 2)
2021-07-31 20:34:05.804260 finished: loading list calib\pestpp_template\total_flow.csv took: 0:00:00.002992
2021-07-31 20:34:05.804260 starting: writing list-based template file 'calib\pestpp_template\total_flow.csv.tpl'
2021-07-31 20:34:05.814233 finished: writing list-based template file 'calib\pestpp_template\total_flow.csv.tpl' took: 0:00:00.009973
2021-07-31 20:34:05.819219 finished: adding constant type direct style parameters for file(s) ['total_flow.csv'] took: 0:00:00.017951
2021-07-31 20:34:05.819219 starting: adding grid type direct style parameters for file(s) ['in.csv']
2021-07-31 20:34:05.819219 starting: loading list calib\pestpp_template\in.csv
2021-07-31 20:34:05.819219 starting: reading list calib\pestpp_template\in.csv
2021-07-31 20:34:05.821214 finished: reading list calib\pestpp_template\in.csv took: 0:00:00.001995
2021-07-31 20:34:05.821214 loaded list 'calib\pestpp_template\in.csv' of shape (11, 2)
2021-07-31 20:34:05.822211 finished: loading list calib\pestpp_template\in.csv took: 0:00:00.002992
2021-07-31 20:34:05.822211 starting: writing list-based template file 'calib\pestpp_template\in.csv.tpl'
2021-07-31 20:34:05.834179 finished: writing list-based template file 'calib\pestpp_template\in.csv.tpl' took: 0:00:00.011968
2021-07-31 20:34:05.840163 finished: adding grid type direct style parameters for file(s) ['in.csv'] took: 0:00:00.020944
2021-07-31 20:34:05.873075 starting: adding observations from output file profiles.csv
2021-07-31 20:34:05.873075 starting: adding observations from tabular output file '['profiles.csv']'
2021-07-31 20:34:05.874072 starting: reading list calib\pestpp_template\profiles.csv
2021-07-31 20:34:05.875069 finished: reading list calib\pestpp_template\profiles.csv took: 0:00:00.000997
2021-07-31 20:34:05.875069 starting: building insfile for tabular output file profiles.csv
2021-07-31 20:34:05.882051 finished: building insfile for tabular output file profiles.csv took: 0:00:00.006982
2021-07-31 20:34:05.883048 starting: adding observation from instruction file 'calib\pestpp_template\profiles.csv.ins'
2021-07-31 20:34:05.889032 finished: adding observation from instruction file 'calib\pestpp_template\profiles.csv.ins' took: 0:00:00.005984
2021-07-31 20:34:05.890029 finished: adding observations from tabular output file '['profiles.csv']' took: 0:00:00.016954
2021-07-31 20:34:05.891027 starting: adding observations from output file flows.csv
2021-07-31 20:34:05.891027 starting: adding observations from tabular output file '['flows.csv']'
2021-07-31 20:34:05.891027 starting: reading list calib\pestpp_template\flows.csv
2021-07-31 20:34:05.892024 finished: reading list calib\pestpp_template\flows.csv took: 0:00:00.000997
2021-07-31 20:34:05.893021 starting: building insfile for tabular output file flows.csv
2021-07-31 20:34:05.901000 finished: building insfile for tabular output file flows.csv took: 0:00:00.007979
2021-07-31 20:34:05.901000 starting: adding observation from instruction file 'calib\pestpp_template\flows.csv.ins'
2021-07-31 20:34:05.912968 finished: adding observation from instruction file 'calib\pestpp_template\flows.csv.ins' took: 0:00:00.011968
2021-07-31 20:34:05.914962 finished: adding observations from tabular output file '['flows.csv']' took: 0:00:00.023935
2021-07-31 20:34:06.010706 forward_run line:pyemu.os_utils.run(r'python run_model.py')

